<?xml version="1.0" encoding="UTF-8"?>
<!-- Generated by org.testng.reporters.JUnitReportReporter -->
<testsuite hostname="LAPTOP-I8H07HHI" failures="0" tests="1" name="tests.GETAndPOSTExamples" time="2.122" errors="0" timestamp="2023-06-12T14:39:56 IST" skipped="0">
  <testcase classname="tests.GETAndPOSTExamples" name="testPost" time="2.122"/>
</testsuite> <!-- tests.GETAndPOSTExamples -->
