<?xml version="1.0" encoding="UTF-8"?>
<!-- Generated by org.testng.reporters.JUnitReportReporter -->
<testsuite hostname="LAPTOP-I8H07HHI" failures="0" tests="3" name="tests.PutPatchDelete" time="2.687" errors="0" timestamp="2023-06-12T14:50:32 IST" skipped="0">
  <testcase classname="tests.PutPatchDelete" name="testPost" time="0.357"/>
  <testcase classname="tests.PutPatchDelete" name="testDelete" time="1.932"/>
  <testcase classname="tests.PutPatchDelete" name="testPatch" time="0.398"/>
</testsuite> <!-- tests.PutPatchDelete -->
