<?xml version="1.0" encoding="UTF-8"?>
<!-- Generated by org.testng.reporters.JUnitReportReporter -->
<testsuite hostname="LAPTOP-I8H07HHI" failures="0" tests="2" name="tests.TestsExamples5" time="1.779" errors="0" timestamp="2023-06-12T09:45:59 IST" skipped="0">
  <testcase classname="tests.TestsExamples5" name="test_1" time="1.138"/>
  <testcase classname="tests.TestsExamples5" name="test_2" time="0.641"/>
</testsuite> <!-- tests.TestsExamples5 -->
